<Unsaved Drawing>,Model,12/7/2022 8:46:55 AM,OMEN,DWF6 ePlot.pc3,ANSI A (8.50 x 11.00 Inches),1:2.77064,
<Unsaved Drawing>,Model,12/7/2022 8:58:54 AM,OMEN,DWG To PDF.pc3,ANSI A (8.50 x 11.00 Inches),1:2.77064,
<Unsaved Drawing>,Model,12/7/2022 9:04:09 AM,OMEN,DWG To PDF.pc3,ANSI A (8.50 x 11.00 Inches),1:1.86244,
<Unsaved Drawing>,Model,12/7/2022 9:52:03 AM,OMEN,DWG To PDF.pc3,ANSI A (8.50 x 11.00 Inches),1:1.86244,
<Unsaved Drawing>,Model,12/7/2022 9:53:19 AM,OMEN,DWG To PDF.pc3,ANSI A (8.50 x 11.00 Inches),1:3.68111,
<Unsaved Drawing>,Model,12/7/2022 10:21:49 AM,OMEN,DWG To PDF.pc3,ANSI A (8.50 x 11.00 Inches),1:3.96183,
<Unsaved Drawing>,Model,12/7/2022 10:22:45 AM,OMEN,DWG To PDF.pc3,ANSI A (8.50 x 11.00 Inches),1:3.96183,
<Unsaved Drawing>,Model,12/7/2022 11:04:17 AM,OMEN,DWG To PDF.pc3,ANSI A (8.50 x 11.00 Inches),1:3.96183,
<Unsaved Drawing>,Model,12/7/2022 11:05:28 AM,OMEN,DWG To PDF.pc3,ANSI A (8.50 x 11.00 Inches),2:1,
<Unsaved Drawing>,Model,12/7/2022 11:06:36 AM,OMEN,DWG To PDF.pc3,ANSI A (8.50 x 11.00 Inches),1:3.96183,
<Unsaved Drawing>,Model,12/7/2022 11:08:28 AM,OMEN,DWG To PDF.pc3,ANSI A (8.50 x 11.00 Inches),1:2.08337,
<Unsaved Drawing>,NewLayout,12/8/2022 2:13:08 PM,OMEN,DWG To PDF.pc3,ANSI A (8.50 x 11.00 Inches),1:1.29696,
<Unsaved Drawing>,NewLayout,12/19/2022 3:06:54 PM,OMEN,DWG To PDF.pc3,ANSI A (8.50 x 11.00 Inches),1:1.29691,
E:\BanVe\DWG\02. B2F ~ Block B ~ General Note.dwg,General Note,12/21/2022 11:56:21 AM,OMEN,DWG To PDF.pc3,ANSI A (8.50 x 11.00 Inches),1:130.426,
E:\BanVe\DWG\02. B2F ~ Block B ~ General Note.dwg,General Note,12/21/2022 1:33:04 PM,OMEN,DWG To PDF.pc3,ANSI A (8.50 x 11.00 Inches),1:130.422,
E:\BanVe\DWG\02. B2F ~ Block B ~ General Note.dwg,General Note,12/21/2022 2:29:34 PM,OMEN,DWG To PDF.pc3,ANSI A (8.50 x 11.00 Inches),1:43.4719,
E:\BanVe\DWG\02. B2F ~ Block B ~ General Note.dwg,General Note,12/21/2022 2:31:55 PM,OMEN,DWG To PDF.pc3,ANSI A (8.50 x 11.00 Inches),1:43.4719,
E:\BanVe\DWG\02. B2F ~ Block B ~ General Note.dwg,General Note,12/21/2022 2:39:29 PM,OMEN,DWG To PDF.pc3,ANSI A (8.50 x 11.00 Inches),1:43.4719,
E:\BanVe\DWG\02. B2F ~ Block B ~ General Note.dwg,General Note,12/21/2022 3:47:30 PM,OMEN,DWG To PDF.pc3,ANSI A (8.50 x 11.00 Inches),1:43.4719,
E:\BanVe\DWG\02. B2F ~ Block B ~ General Note.dwg,General Note,12/21/2022 3:48:36 PM,OMEN,DWG To PDF.pc3,ANSI A (8.50 x 11.00 Inches),1:43.4719,
E:\BanVe\DWG\02. B2F ~ Block B ~ General Note.dwg,General Note,12/21/2022 4:00:34 PM,OMEN,DWG To PDF.pc3,ANSI A (8.50 x 11.00 Inches),1:43.4719,
E:\BanVe\DWG\02. B2F ~ Block B ~ General Note.dwg,General Note,12/21/2022 4:13:52 PM,OMEN,DWG To PDF.pc3,ANSI A (8.50 x 11.00 Inches),1:43.4719,
E:\BanVe\DWG\02. B2F ~ Block B ~ General Note.dwg,General Note,12/21/2022 4:16:36 PM,OMEN,DWG To PDF.pc3,ANSI A (8.50 x 11.00 Inches),1:43.4719,
E:\BanVe\DWG\02. B2F ~ Block B ~ General Note.dwg,General Note,12/21/2022 4:28:02 PM,OMEN,DWG To PDF.pc3,ANSI A (8.50 x 11.00 Inches),1:43.4719,
E:\BanVe\DWG\02. B2F ~ Block B ~ General Note.dwg,General Note,12/21/2022 4:31:00 PM,OMEN,DWG To PDF.pc3,ANSI A (8.50 x 11.00 Inches),1:43.4719,
E:\BanVe\DWG\02. B2F ~ Block B ~ General Note.dwg,General Note,12/21/2022 4:55:13 PM,OMEN,DWG To PDF.pc3,ANSI A (8.50 x 11.00 Inches),1:43.4719,
E:\BanVe\DWG\02. B2F ~ Block B ~ General Note.dwg,General Note,12/21/2022 5:50:26 PM,OMEN,DWG To PDF.pc3,ANSI A (8.50 x 11.00 Inches),1:43.4719,
